Vivado Simulator 2018.2
Time resolution is 1 ps
 O . . . . . . .

 . . . . O . . .

 . . . . . . . O

 . . . . . O . .

 . . O . . . . .

 . . . . . . O .

 . O . . . . . .

 . . . O . . . .


 O . . . . . . .

 . . . . . O . .

 . . . . . . . O

 . . O . . . . .

 . . . . . . O .

 . . . O . . . .

 . O . . . . . .

 . . . . O . . .


 O . . . . . . .

 . . . . . . O .

 . . . O . . . .

 . . . . . O . .

 . . . . . . . O

 . O . . . . . .

 . . . . O . . .

 . . O . . . . .


 O . . . . . . .

 . . . . . . O .

 . . . . O . . .

 . . . . . . . O

 . O . . . . . .

 . . . O . . . .

 . . . . . O . .

 . . O . . . . .


 . O . . . . . .

 . . . O . . . .

 . . . . . O . .

 . . . . . . . O

 . . O . . . . .

 O . . . . . . .

 . . . . . . O .

 . . . . O . . .


